<?xml version="1.0" encoding="UTF-8"?>
<!-- Generated by org.testng.reporters.JUnitReportReporter -->
<testsuite hostname="DESKTOP-6S58TNH" failures="0" tests="1" name="com.framwork.jewelry.HomePage" time="0.019" errors="0" timestamp="2023-04-22T23:24:22 IST" skipped="0">
  <testcase classname="com.framwork.jewelry.HomePage" name="veryfyCarUnder5Lakh" time="0.019"/>
  <system-out/>
</testsuite> <!-- com.framwork.jewelry.HomePage -->
