<?xml version="1.0" encoding="UTF-8"?>
<!-- Generated by org.testng.reporters.JUnitReportReporter -->
<testsuite hostname="DESKTOP-4K1R53Q" failures="0" tests="1" name="com.signup.SignInTestCase" time="27.729" errors="0" timestamp="2023-04-20T15:36:51 IST" skipped="0">
  <testcase classname="com.signup.SignInTestCase" name="VerifyThatAllFieldsArePresentOnSignInPage" time="27.729"/>
  <system-out/>
</testsuite> <!-- com.signup.SignInTestCase -->
