<?xml version="1.0" encoding="UTF-8"?>
<!-- Generated by org.testng.reporters.JUnitReportReporter -->
<testsuite hostname="DESKTOP-4K1R53Q" failures="0" tests="1" name="com.signup.SingUpTest" time="38.200" errors="0" timestamp="2023-04-20T13:34:05 IST" skipped="0">
  <testcase classname="com.signup.SingUpTest" name="VerifyThatAllTheSpecifiedFieldsArePresentOnTheSignUpPage" time="38.200"/>
  <system-out/>
</testsuite> <!-- com.signup.SingUpTest -->
