<?xml version="1.0" encoding="UTF-8"?>
<!-- Generated by org.testng.reporters.JUnitReportReporter -->
<testsuite hostname="DESKTOP-4K1R53Q" failures="0" tests="1" name="com.signup.SingUp" time="88.817" errors="0" timestamp="2023-04-18T16:50:47 IST" skipped="0">
  <testcase classname="com.signup.SingUp" name="VerifyThatAllTheSpecifiedFieldsArePresentOnTheSignUpPage" time="88.817"/>
  <system-out/>
</testsuite> <!-- com.signup.SingUp -->
